<?xml version="1.0" encoding="UTF-8"?>
<testng-results ignored="0" total="9" passed="9" failed="0" skipped="0">
  <reporter-output>
    <line>
      <![CDATA[Suite----Report configuration started----]]>
    </line>
    <line>
      <![CDATA[CreateOpportunityandaddtask----onTestStart--->]]>
    </line>
    <line>
      <![CDATA[CreateOpportunityandaddtask is onTestSuccess]]>
    </line>
    <line>
      <![CDATA[verifyDashBoardPage----onTestStart--->]]>
    </line>
    <line>
      <![CDATA[verifyDashBoardPage is onTestSuccess]]>
    </line>
    <line>
      <![CDATA[DownloadReport----onTestStart--->]]>
    </line>
    <line>
      <![CDATA[DownloadReport is onTestSuccess]]>
    </line>
    <line>
      <![CDATA[createLead----onTestStart--->]]>
    </line>
    <line>
      <![CDATA[createLead is onTestSuccess]]>
    </line>
    <line>
      <![CDATA[createRole----onTestStart--->]]>
    </line>
    <line>
      <![CDATA[createRole is onTestSuccess]]>
    </line>
    <line>
      <![CDATA[verifyCampaingnPage----onTestStart--->]]>
    </line>
    <line>
      <![CDATA[verifyCampaingnPage is onTestSuccess]]>
    </line>
    <line>
      <![CDATA[CreateEvent----onTestStart--->]]>
    </line>
    <line>
      <![CDATA[CreateEvent is onTestSuccess]]>
    </line>
    <line>
      <![CDATA[DeleteAccount----onTestStart--->]]>
    </line>
    <line>
      <![CDATA[DeleteAccount is onTestSuccess]]>
    </line>
    <line>
      <![CDATA[verifySettingsPage----onTestStart--->]]>
    </line>
    <line>
      <![CDATA[verifySettingsPage is onTestSuccess]]>
    </line>
  </reporter-output>
  <suite started-at="2026-02-17T16:23:12 IST" name="Suite" finished-at="2026-02-17T16:28:11 IST" duration-ms="299519">
    <groups>
      <group name="SmokeTesting">
        <method signature="Campaign.verifyCampaingnPage()[pri:0, instance:com.crm.horilla.testscripts.Campaign@2cdd0d4b]" name="verifyCampaingnPage" class="com.crm.horilla.testscripts.Campaign"/>
        <method signature="HomeDashBoard.verifyDashBoardPage()[pri:0, instance:com.crm.horilla.testscripts.HomeDashBoard@68e965f5]" name="verifyDashBoardPage" class="com.crm.horilla.testscripts.HomeDashBoard"/>
        <method signature="Settings.verifySettingsPage()[pri:0, instance:com.crm.horilla.testscripts.Settings@61d6015a]" name="verifySettingsPage" class="com.crm.horilla.testscripts.Settings"/>
      </group> <!-- SmokeTesting -->
      <group name="SystemTesting">
        <method signature="Account.DeleteAccount()[pri:0, instance:com.crm.horilla.testscripts.Account@2e1d27ba]" name="DeleteAccount" class="com.crm.horilla.testscripts.Account"/>
        <method signature="Opportunity.CreateOpportunityandaddtask()[pri:0, instance:com.crm.horilla.testscripts.Opportunity@4f67eb2a]" name="CreateOpportunityandaddtask" class="com.crm.horilla.testscripts.Opportunity"/>
        <method signature="Reports.DownloadReport()[pri:0, instance:com.crm.horilla.testscripts.Reports@6f27a732]" name="DownloadReport" class="com.crm.horilla.testscripts.Reports"/>
      </group> <!-- SystemTesting -->
      <group name="IntegrationTesting">
        <method signature="Calendar.CreateEvent()[pri:0, instance:com.crm.horilla.testscripts.Calendar@7e9131d5]" name="CreateEvent" class="com.crm.horilla.testscripts.Calendar"/>
        <method signature="Lead.createLead()[pri:0, instance:com.crm.horilla.testscripts.Lead@6c779568]" name="createLead" class="com.crm.horilla.testscripts.Lead"/>
        <method signature="Role.createRole()[pri:0, instance:com.crm.horilla.testscripts.Role@f381794]" name="createRole" class="com.crm.horilla.testscripts.Role"/>
      </group> <!-- IntegrationTesting -->
    </groups>
    <test started-at="2026-02-17T16:23:12 IST" name="Test" finished-at="2026-02-17T16:28:11 IST" duration-ms="299519">
      <class name="com.crm.horilla.testscripts.Lead">
        <test-method is-config="true" signature="openBrowser()[pri:0, instance:com.crm.horilla.testscripts.Lead@6c779568]" started-at="2026-02-17T16:24:58 IST" name="openBrowser" finished-at="2026-02-17T16:24:59 IST" duration-ms="858" status="PASS">
          <reporter-output>
          </reporter-output>
        </test-method> <!-- openBrowser -->
        <test-method is-config="true" signature="login()[pri:0, instance:com.crm.horilla.testscripts.Lead@6c779568]" started-at="2026-02-17T16:24:59 IST" name="login" finished-at="2026-02-17T16:25:03 IST" duration-ms="4037" status="PASS">
          <reporter-output>
          </reporter-output>
        </test-method> <!-- login -->
        <test-method signature="createLead()[pri:0, instance:com.crm.horilla.testscripts.Lead@6c779568]" started-at="2026-02-17T16:25:03 IST" name="createLead" finished-at="2026-02-17T16:25:44 IST" duration-ms="40485" status="PASS">
          <reporter-output>
            <line>
              <![CDATA[createLead----onTestStart--->]]>
            </line>
            <line>
              <![CDATA[createLead is onTestSuccess]]>
            </line>
          </reporter-output>
        </test-method> <!-- createLead -->
        <test-method is-config="true" signature="logOut()[pri:0, instance:com.crm.horilla.testscripts.Lead@6c779568]" started-at="2026-02-17T16:25:44 IST" name="logOut" finished-at="2026-02-17T16:25:50 IST" duration-ms="5837" status="PASS">
          <reporter-output>
          </reporter-output>
        </test-method> <!-- logOut -->
        <test-method is-config="true" signature="closeBrowser()[pri:0, instance:com.crm.horilla.testscripts.Lead@6c779568]" started-at="2026-02-17T16:25:50 IST" name="closeBrowser" finished-at="2026-02-17T16:25:52 IST" duration-ms="2528" status="PASS">
          <reporter-output>
          </reporter-output>
        </test-method> <!-- closeBrowser -->
      </class> <!-- com.crm.horilla.testscripts.Lead -->
      <class name="com.crm.horilla.testscripts.Calendar">
        <test-method is-config="true" signature="openBrowser()[pri:0, instance:com.crm.horilla.testscripts.Calendar@7e9131d5]" started-at="2026-02-17T16:26:36 IST" name="openBrowser" finished-at="2026-02-17T16:26:37 IST" duration-ms="898" status="PASS">
          <reporter-output>
          </reporter-output>
        </test-method> <!-- openBrowser -->
        <test-method is-config="true" signature="login()[pri:0, instance:com.crm.horilla.testscripts.Calendar@7e9131d5]" started-at="2026-02-17T16:26:37 IST" name="login" finished-at="2026-02-17T16:26:42 IST" duration-ms="4865" status="PASS">
          <reporter-output>
          </reporter-output>
        </test-method> <!-- login -->
        <test-method signature="CreateEvent()[pri:0, instance:com.crm.horilla.testscripts.Calendar@7e9131d5]" started-at="2026-02-17T16:26:42 IST" name="CreateEvent" finished-at="2026-02-17T16:27:02 IST" duration-ms="20678" status="PASS">
          <reporter-output>
            <line>
              <![CDATA[CreateEvent----onTestStart--->]]>
            </line>
            <line>
              <![CDATA[CreateEvent is onTestSuccess]]>
            </line>
          </reporter-output>
        </test-method> <!-- CreateEvent -->
        <test-method is-config="true" signature="logOut()[pri:0, instance:com.crm.horilla.testscripts.Calendar@7e9131d5]" started-at="2026-02-17T16:27:02 IST" name="logOut" finished-at="2026-02-17T16:27:08 IST" duration-ms="5936" status="PASS">
          <reporter-output>
          </reporter-output>
        </test-method> <!-- logOut -->
        <test-method is-config="true" signature="closeBrowser()[pri:0, instance:com.crm.horilla.testscripts.Calendar@7e9131d5]" started-at="2026-02-17T16:27:08 IST" name="closeBrowser" finished-at="2026-02-17T16:27:11 IST" duration-ms="2583" status="PASS">
          <reporter-output>
          </reporter-output>
        </test-method> <!-- closeBrowser -->
      </class> <!-- com.crm.horilla.testscripts.Calendar -->
      <class name="com.crm.horilla.testscripts.Settings">
        <test-method is-config="true" signature="openBrowser()[pri:0, instance:com.crm.horilla.testscripts.Settings@61d6015a]" started-at="2026-02-17T16:27:55 IST" name="openBrowser" finished-at="2026-02-17T16:27:56 IST" duration-ms="803" status="PASS">
          <reporter-output>
          </reporter-output>
        </test-method> <!-- openBrowser -->
        <test-method is-config="true" signature="login()[pri:0, instance:com.crm.horilla.testscripts.Settings@61d6015a]" started-at="2026-02-17T16:27:56 IST" name="login" finished-at="2026-02-17T16:27:59 IST" duration-ms="3505" status="PASS">
          <reporter-output>
          </reporter-output>
        </test-method> <!-- login -->
        <test-method signature="verifySettingsPage()[pri:0, instance:com.crm.horilla.testscripts.Settings@61d6015a]" started-at="2026-02-17T16:27:59 IST" name="verifySettingsPage" finished-at="2026-02-17T16:28:03 IST" duration-ms="3519" status="PASS">
          <reporter-output>
            <line>
              <![CDATA[verifySettingsPage----onTestStart--->]]>
            </line>
            <line>
              <![CDATA[verifySettingsPage is onTestSuccess]]>
            </line>
          </reporter-output>
        </test-method> <!-- verifySettingsPage -->
        <test-method is-config="true" signature="logOut()[pri:0, instance:com.crm.horilla.testscripts.Settings@61d6015a]" started-at="2026-02-17T16:28:03 IST" name="logOut" finished-at="2026-02-17T16:28:09 IST" duration-ms="5692" status="PASS">
          <reporter-output>
          </reporter-output>
        </test-method> <!-- logOut -->
        <test-method is-config="true" signature="closeBrowser()[pri:0, instance:com.crm.horilla.testscripts.Settings@61d6015a]" started-at="2026-02-17T16:28:09 IST" name="closeBrowser" finished-at="2026-02-17T16:28:11 IST" duration-ms="2570" status="PASS">
          <reporter-output>
          </reporter-output>
        </test-method> <!-- closeBrowser -->
      </class> <!-- com.crm.horilla.testscripts.Settings -->
      <class name="com.crm.horilla.testscripts.Opportunity">
        <test-method is-config="true" signature="connectToDB()[pri:0, instance:com.crm.horilla.testscripts.Opportunity@4f67eb2a]" started-at="2026-02-17T16:23:12 IST" name="connectToDB" finished-at="2026-02-17T16:23:12 IST" duration-ms="10" status="PASS">
          <reporter-output>
          </reporter-output>
        </test-method> <!-- connectToDB -->
        <test-method is-config="true" signature="openBrowser()[pri:0, instance:com.crm.horilla.testscripts.Opportunity@4f67eb2a]" started-at="2026-02-17T16:23:12 IST" name="openBrowser" finished-at="2026-02-17T16:23:15 IST" duration-ms="2947" status="PASS">
          <reporter-output>
          </reporter-output>
        </test-method> <!-- openBrowser -->
        <test-method is-config="true" signature="login()[pri:0, instance:com.crm.horilla.testscripts.Opportunity@4f67eb2a]" started-at="2026-02-17T16:23:15 IST" name="login" finished-at="2026-02-17T16:23:19 IST" duration-ms="4131" status="PASS">
          <reporter-output>
          </reporter-output>
        </test-method> <!-- login -->
        <test-method signature="CreateOpportunityandaddtask()[pri:0, instance:com.crm.horilla.testscripts.Opportunity@4f67eb2a]" started-at="2026-02-17T16:23:19 IST" name="CreateOpportunityandaddtask" finished-at="2026-02-17T16:23:51 IST" duration-ms="32317" status="PASS">
          <reporter-output>
            <line>
              <![CDATA[CreateOpportunityandaddtask----onTestStart--->]]>
            </line>
            <line>
              <![CDATA[CreateOpportunityandaddtask is onTestSuccess]]>
            </line>
          </reporter-output>
        </test-method> <!-- CreateOpportunityandaddtask -->
        <test-method is-config="true" signature="logOut()[pri:0, instance:com.crm.horilla.testscripts.Opportunity@4f67eb2a]" started-at="2026-02-17T16:23:51 IST" name="logOut" finished-at="2026-02-17T16:23:57 IST" duration-ms="5811" status="PASS">
          <reporter-output>
          </reporter-output>
        </test-method> <!-- logOut -->
        <test-method is-config="true" signature="closeBrowser()[pri:0, instance:com.crm.horilla.testscripts.Opportunity@4f67eb2a]" started-at="2026-02-17T16:23:57 IST" name="closeBrowser" finished-at="2026-02-17T16:23:59 IST" duration-ms="2494" status="PASS">
          <reporter-output>
          </reporter-output>
        </test-method> <!-- closeBrowser -->
        <test-method is-config="true" signature="closeDBConnection()[pri:0, instance:com.crm.horilla.testscripts.Opportunity@4f67eb2a]" started-at="2026-02-17T16:28:11 IST" name="closeDBConnection" finished-at="2026-02-17T16:28:11 IST" duration-ms="1" status="PASS">
          <reporter-output>
          </reporter-output>
        </test-method> <!-- closeDBConnection -->
      </class> <!-- com.crm.horilla.testscripts.Opportunity -->
      <class name="com.crm.horilla.testscripts.Campaign">
        <test-method is-config="true" signature="openBrowser()[pri:0, instance:com.crm.horilla.testscripts.Campaign@2cdd0d4b]" started-at="2026-02-17T16:26:18 IST" name="openBrowser" finished-at="2026-02-17T16:26:19 IST" duration-ms="842" status="PASS">
          <reporter-output>
          </reporter-output>
        </test-method> <!-- openBrowser -->
        <test-method is-config="true" signature="login()[pri:0, instance:com.crm.horilla.testscripts.Campaign@2cdd0d4b]" started-at="2026-02-17T16:26:19 IST" name="login" finished-at="2026-02-17T16:26:23 IST" duration-ms="3277" status="PASS">
          <reporter-output>
          </reporter-output>
        </test-method> <!-- login -->
        <test-method signature="verifyCampaingnPage()[pri:0, instance:com.crm.horilla.testscripts.Campaign@2cdd0d4b]" started-at="2026-02-17T16:26:23 IST" name="verifyCampaingnPage" finished-at="2026-02-17T16:26:27 IST" duration-ms="4524" status="PASS">
          <reporter-output>
            <line>
              <![CDATA[verifyCampaingnPage----onTestStart--->]]>
            </line>
            <line>
              <![CDATA[verifyCampaingnPage is onTestSuccess]]>
            </line>
          </reporter-output>
        </test-method> <!-- verifyCampaingnPage -->
        <test-method is-config="true" signature="logOut()[pri:0, instance:com.crm.horilla.testscripts.Campaign@2cdd0d4b]" started-at="2026-02-17T16:26:27 IST" name="logOut" finished-at="2026-02-17T16:26:34 IST" duration-ms="6492" status="PASS">
          <reporter-output>
          </reporter-output>
        </test-method> <!-- logOut -->
        <test-method is-config="true" signature="closeBrowser()[pri:0, instance:com.crm.horilla.testscripts.Campaign@2cdd0d4b]" started-at="2026-02-17T16:26:34 IST" name="closeBrowser" finished-at="2026-02-17T16:26:36 IST" duration-ms="2505" status="PASS">
          <reporter-output>
          </reporter-output>
        </test-method> <!-- closeBrowser -->
      </class> <!-- com.crm.horilla.testscripts.Campaign -->
      <class name="com.crm.horilla.testscripts.Role">
        <test-method is-config="true" signature="openBrowser()[pri:0, instance:com.crm.horilla.testscripts.Role@f381794]" started-at="2026-02-17T16:25:52 IST" name="openBrowser" finished-at="2026-02-17T16:25:53 IST" duration-ms="903" status="PASS">
          <reporter-output>
          </reporter-output>
        </test-method> <!-- openBrowser -->
        <test-method is-config="true" signature="login()[pri:0, instance:com.crm.horilla.testscripts.Role@f381794]" started-at="2026-02-17T16:25:53 IST" name="login" finished-at="2026-02-17T16:25:56 IST" duration-ms="3380" status="PASS">
          <reporter-output>
          </reporter-output>
        </test-method> <!-- login -->
        <test-method signature="createRole()[pri:0, instance:com.crm.horilla.testscripts.Role@f381794]" started-at="2026-02-17T16:25:56 IST" name="createRole" finished-at="2026-02-17T16:26:10 IST" duration-ms="13388" status="PASS">
          <reporter-output>
            <line>
              <![CDATA[createRole----onTestStart--->]]>
            </line>
            <line>
              <![CDATA[createRole is onTestSuccess]]>
            </line>
          </reporter-output>
        </test-method> <!-- createRole -->
        <test-method is-config="true" signature="logOut()[pri:0, instance:com.crm.horilla.testscripts.Role@f381794]" started-at="2026-02-17T16:26:10 IST" name="logOut" finished-at="2026-02-17T16:26:16 IST" duration-ms="6027" status="PASS">
          <reporter-output>
          </reporter-output>
        </test-method> <!-- logOut -->
        <test-method is-config="true" signature="closeBrowser()[pri:0, instance:com.crm.horilla.testscripts.Role@f381794]" started-at="2026-02-17T16:26:16 IST" name="closeBrowser" finished-at="2026-02-17T16:26:18 IST" duration-ms="2583" status="PASS">
          <reporter-output>
          </reporter-output>
        </test-method> <!-- closeBrowser -->
      </class> <!-- com.crm.horilla.testscripts.Role -->
      <class name="com.crm.horilla.testscripts.Account">
        <test-method is-config="true" signature="openBrowser()[pri:0, instance:com.crm.horilla.testscripts.Account@2e1d27ba]" started-at="2026-02-17T16:27:11 IST" name="openBrowser" finished-at="2026-02-17T16:27:12 IST" duration-ms="948" status="PASS">
          <reporter-output>
          </reporter-output>
        </test-method> <!-- openBrowser -->
        <test-method is-config="true" signature="login()[pri:0, instance:com.crm.horilla.testscripts.Account@2e1d27ba]" started-at="2026-02-17T16:27:12 IST" name="login" finished-at="2026-02-17T16:27:15 IST" duration-ms="3345" status="PASS">
          <reporter-output>
          </reporter-output>
        </test-method> <!-- login -->
        <test-method signature="DeleteAccount()[pri:0, instance:com.crm.horilla.testscripts.Account@2e1d27ba]" started-at="2026-02-17T16:27:15 IST" name="DeleteAccount" finished-at="2026-02-17T16:27:47 IST" duration-ms="31481" status="PASS">
          <reporter-output>
            <line>
              <![CDATA[DeleteAccount----onTestStart--->]]>
            </line>
            <line>
              <![CDATA[DeleteAccount is onTestSuccess]]>
            </line>
          </reporter-output>
        </test-method> <!-- DeleteAccount -->
        <test-method is-config="true" signature="logOut()[pri:0, instance:com.crm.horilla.testscripts.Account@2e1d27ba]" started-at="2026-02-17T16:27:47 IST" name="logOut" finished-at="2026-02-17T16:27:53 IST" duration-ms="5899" status="PASS">
          <reporter-output>
          </reporter-output>
        </test-method> <!-- logOut -->
        <test-method is-config="true" signature="closeBrowser()[pri:0, instance:com.crm.horilla.testscripts.Account@2e1d27ba]" started-at="2026-02-17T16:27:53 IST" name="closeBrowser" finished-at="2026-02-17T16:27:55 IST" duration-ms="2452" status="PASS">
          <reporter-output>
          </reporter-output>
        </test-method> <!-- closeBrowser -->
      </class> <!-- com.crm.horilla.testscripts.Account -->
      <class name="com.crm.horilla.testscripts.Reports">
        <test-method is-config="true" signature="openBrowser()[pri:0, instance:com.crm.horilla.testscripts.Reports@6f27a732]" started-at="2026-02-17T16:24:13 IST" name="openBrowser" finished-at="2026-02-17T16:24:14 IST" duration-ms="901" status="PASS">
          <reporter-output>
          </reporter-output>
        </test-method> <!-- openBrowser -->
        <test-method is-config="true" signature="login()[pri:0, instance:com.crm.horilla.testscripts.Reports@6f27a732]" started-at="2026-02-17T16:24:14 IST" name="login" finished-at="2026-02-17T16:24:19 IST" duration-ms="4715" status="PASS">
          <reporter-output>
          </reporter-output>
        </test-method> <!-- login -->
        <test-method signature="DownloadReport()[pri:0, instance:com.crm.horilla.testscripts.Reports@6f27a732]" started-at="2026-02-17T16:24:19 IST" name="DownloadReport" finished-at="2026-02-17T16:24:50 IST" duration-ms="31116" status="PASS">
          <reporter-output>
            <line>
              <![CDATA[DownloadReport----onTestStart--->]]>
            </line>
            <line>
              <![CDATA[DownloadReport is onTestSuccess]]>
            </line>
          </reporter-output>
        </test-method> <!-- DownloadReport -->
        <test-method is-config="true" signature="logOut()[pri:0, instance:com.crm.horilla.testscripts.Reports@6f27a732]" started-at="2026-02-17T16:24:50 IST" name="logOut" finished-at="2026-02-17T16:24:56 IST" duration-ms="5820" status="PASS">
          <reporter-output>
          </reporter-output>
        </test-method> <!-- logOut -->
        <test-method is-config="true" signature="closeBrowser()[pri:0, instance:com.crm.horilla.testscripts.Reports@6f27a732]" started-at="2026-02-17T16:24:56 IST" name="closeBrowser" finished-at="2026-02-17T16:24:58 IST" duration-ms="2452" status="PASS">
          <reporter-output>
          </reporter-output>
        </test-method> <!-- closeBrowser -->
      </class> <!-- com.crm.horilla.testscripts.Reports -->
      <class name="com.crm.horilla.testscripts.HomeDashBoard">
        <test-method is-config="true" signature="openBrowser()[pri:0, instance:com.crm.horilla.testscripts.HomeDashBoard@68e965f5]" started-at="2026-02-17T16:23:59 IST" name="openBrowser" finished-at="2026-02-17T16:24:00 IST" duration-ms="847" status="PASS">
          <reporter-output>
          </reporter-output>
        </test-method> <!-- openBrowser -->
        <test-method is-config="true" signature="login()[pri:0, instance:com.crm.horilla.testscripts.HomeDashBoard@68e965f5]" started-at="2026-02-17T16:24:00 IST" name="login" finished-at="2026-02-17T16:24:04 IST" duration-ms="4174" status="PASS">
          <reporter-output>
          </reporter-output>
        </test-method> <!-- login -->
        <test-method signature="verifyDashBoardPage()[pri:0, instance:com.crm.horilla.testscripts.HomeDashBoard@68e965f5]" started-at="2026-02-17T16:24:04 IST" name="verifyDashBoardPage" finished-at="2026-02-17T16:24:05 IST" duration-ms="304" status="PASS">
          <reporter-output>
            <line>
              <![CDATA[verifyDashBoardPage----onTestStart--->]]>
            </line>
            <line>
              <![CDATA[verifyDashBoardPage is onTestSuccess]]>
            </line>
          </reporter-output>
        </test-method> <!-- verifyDashBoardPage -->
        <test-method is-config="true" signature="logOut()[pri:0, instance:com.crm.horilla.testscripts.HomeDashBoard@68e965f5]" started-at="2026-02-17T16:24:05 IST" name="logOut" finished-at="2026-02-17T16:24:11 IST" duration-ms="6009" status="PASS">
          <reporter-output>
          </reporter-output>
        </test-method> <!-- logOut -->
        <test-method is-config="true" signature="closeBrowser()[pri:0, instance:com.crm.horilla.testscripts.HomeDashBoard@68e965f5]" started-at="2026-02-17T16:24:11 IST" name="closeBrowser" finished-at="2026-02-17T16:24:13 IST" duration-ms="2575" status="PASS">
          <reporter-output>
          </reporter-output>
        </test-method> <!-- closeBrowser -->
      </class> <!-- com.crm.horilla.testscripts.HomeDashBoard -->
    </test> <!-- Test -->
  </suite> <!-- Suite -->
</testng-results>
