<?xml version="1.0" encoding="UTF-8"?>
<!-- Generated by org.testng.reporters.JUnitXMLReporter -->
<testsuite ignored="4" hostname="Vinusha_Mahesh" failures="0" tests="3" name="SmokeTest" time="45.701" errors="0" timestamp="2026-02-17T12:03:41 IST">
  <testcase classname="com.crm.horilla.testscripts.HomeDashBoard" name="verifyDashBoardPage" time="0.356"/>
  <testcase classname="com.crm.horilla.testscripts.Campaign" name="verifyCampaingnPage" time="4.35"/>
  <testcase classname="com.crm.horilla.testscripts.Settings" name="verifySettingsPage" time="4.429"/>
  <testcase classname="com.crm.horilla.generic.BaseClass" name="@AfterSuite closeDBConnection" time="0.0">
    <ignored/>
  </testcase> <!-- @AfterSuite closeDBConnection -->
  <testcase classname="com.crm.horilla.generic.BaseClass" name="@AfterSuite closeDBConnection" time="0.0">
    <ignored/>
  </testcase> <!-- @AfterSuite closeDBConnection -->
  <testcase classname="com.crm.horilla.generic.BaseClass" name="@BeforeSuite connectToDB" time="0.0">
    <ignored/>
  </testcase> <!-- @BeforeSuite connectToDB -->
  <testcase classname="com.crm.horilla.generic.BaseClass" name="@BeforeSuite connectToDB" time="0.0">
    <ignored/>
  </testcase> <!-- @BeforeSuite connectToDB -->
</testsuite> <!-- SmokeTest -->
