<?xml version="1.0" encoding="UTF-8"?>
<!-- Generated by org.testng.reporters.JUnitXMLReporter -->
<testsuite ignored="2" hostname="Vinusha_Mahesh" failures="0" tests="3" name="SystemTest" time="111.889" errors="0" timestamp="2026-02-17T12:06:08 IST">
  <testcase classname="com.crm.horilla.testscripts.Opportunity" name="CreateOpportunityandaddtask" time="24.956"/>
  <testcase classname="com.crm.horilla.testscripts.Reports" name="DownloadReport" time="26.791"/>
  <testcase classname="com.crm.horilla.testscripts.Account" name="DeleteAccount" time="25.366"/>
  <testcase classname="com.crm.horilla.generic.BaseClass" name="@AfterSuite closeDBConnection" time="0.0">
    <ignored/>
  </testcase> <!-- @AfterSuite closeDBConnection -->
  <testcase classname="com.crm.horilla.generic.BaseClass" name="@AfterSuite closeDBConnection" time="0.0">
    <ignored/>
  </testcase> <!-- @AfterSuite closeDBConnection -->
</testsuite> <!-- SystemTest -->
