<?xml version="1.0" encoding="UTF-8"?>
<!-- Generated by org.testng.reporters.JUnitReportReporter -->
<testsuite hostname="Vinusha_Mahesh" failures="0" tests="1" name="com.crm.horilla.testscripts.Account" time="40.725" errors="0" timestamp="2026-02-17T16:28:12 IST" skipped="0">
  <testcase classname="com.crm.horilla.testscripts.Account" name="DeleteAccount" time="40.725">
    <system-out>
      <![CDATA[DeleteAccount----onTestStart--->
DeleteAccount is onTestSuccess]]>
    </system-out>
  </testcase> <!-- DeleteAccount -->
  <system-out>
    <![CDATA[Suite----Report configuration started----
CreateOpportunityandaddtask----onTestStart--->
CreateOpportunityandaddtask is onTestSuccess
verifyDashBoardPage----onTestStart--->
verifyDashBoardPage is onTestSuccess
DownloadReport----onTestStart--->
DownloadReport is onTestSuccess
createLead----onTestStart--->
createLead is onTestSuccess
createRole----onTestStart--->
createRole is onTestSuccess
verifyCampaingnPage----onTestStart--->
verifyCampaingnPage is onTestSuccess
CreateEvent----onTestStart--->
CreateEvent is onTestSuccess
DeleteAccount----onTestStart--->
DeleteAccount is onTestSuccess
verifySettingsPage----onTestStart--->
verifySettingsPage is onTestSuccess]]>
  </system-out>
</testsuite> <!-- com.crm.horilla.testscripts.Account -->
