<?xml version="1.0" encoding="UTF-8"?>
<!-- Generated by org.testng.reporters.JUnitReportReporter -->
<testsuite hostname="Vinusha_Mahesh" failures="0" tests="1" name="com.crm.horilla.testscripts.Campaign" time="12.789" errors="0" timestamp="2026-02-17T12:15:32 IST" skipped="0">
  <testcase classname="com.crm.horilla.testscripts.Campaign" name="verifyCampaingnPage" time="12.789">
    <system-out>
      <![CDATA[verifyCampaingnPage----onTestStart--->
verifyCampaingnPage is onTestSuccess]]>
    </system-out>
  </testcase> <!-- verifyCampaingnPage -->
  <system-out>
    <![CDATA[Suite----Report configuration started----
CreateOpportunityandaddtask----onTestStart--->
CreateOpportunityandaddtask is onTestSuccess
verifyDashBoardPage----onTestStart--->
verifyDashBoardPage is onTestSuccess
DownloadReport----onTestStart--->
DownloadReport is onTestSuccess
createLead----onTestStart--->
createLead is onTestSuccess
createRole----onTestStart--->
createRole is onTestSuccess
verifyCampaingnPage----onTestStart--->
verifyCampaingnPage is onTestSuccess
CreateEvent----onTestStart--->
CreateEvent is onTestSuccess
DeleteAccount----onTestStart--->
DeleteAccount is onTestSkipped
verifySettingsPage----onTestStart--->
verifySettingsPage is onTestSuccess]]>
  </system-out>
</testsuite> <!-- com.crm.horilla.testscripts.Campaign -->
