<?xml version="1.0" encoding="UTF-8"?>
<!-- Generated by org.testng.reporters.JUnitReportReporter -->
<testsuite hostname="Vinusha_Mahesh" failures="0" tests="1" name="com.crm.horilla.testscripts.Home" time="9.507" errors="0" timestamp="2026-02-16T16:38:35 IST" skipped="0">
  <testcase classname="com.crm.horilla.testscripts.Home" name="Verifydashboardloads" time="9.507">
    <system-out>
      <![CDATA[Verifydashboardloads----onTestStart--->
Verifydashboardloads is onTestSuccess]]>
    </system-out>
  </testcase> <!-- Verifydashboardloads -->
  <system-out>
    <![CDATA[Default suite----Report configuration started----
Verifydashboardloads----onTestStart--->
Verifydashboardloads is onTestSuccess]]>
  </system-out>
</testsuite> <!-- com.crm.horilla.testscripts.Home -->
